Sender: LSF System <lsfadmin@e1338>
Subject: Job 32341170: <mpirun ./deadblock5> in cluster <euler> Done

Job <mpirun ./deadblock5> was submitted from host <euler08> by user <xingwang> in cluster <euler>.
Job was executed on host(s) <2*e1338>, in queue <normal.4h>, as user <xingwang> in cluster <euler>.
</cluster/home/xingwang> was used as the home directory.
</cluster/home/xingwang/hpcse/myexs/08_mpi> was used as the working directory.
Started at Sat Nov 19 12:34:54 2016
Results reported on Sat Nov 19 12:34:56 2016

Your job looked like:

------------------------------------------------------------
# LSBATCH: User input
mpirun ./deadblock5
------------------------------------------------------------

Successfully completed.

Resource usage summary:

    CPU time :               0.13 sec.
    Total Requested Memory : 2048.00 MB
    Delta Memory :           -
    (Delta: the difference between Total Requested Memory and Max Memory.)

The output (if any) follows:

