Sender: LSF System <lsfadmin@e1208>
Subject: Job 32340182: <mpirun ./hello_world> in cluster <euler> Done

Job <mpirun ./hello_world> was submitted from host <euler08> by user <xingwang> in cluster <euler>.
Job was executed on host(s) <2*e1208>, in queue <normal.4h>, as user <xingwang> in cluster <euler>.
</cluster/home/xingwang> was used as the home directory.
</cluster/home/xingwang/hpcse/myexs/08_mpi> was used as the working directory.
Started at Sat Nov 19 11:01:37 2016
Results reported on Sat Nov 19 11:01:39 2016

Your job looked like:

------------------------------------------------------------
# LSBATCH: User input
mpirun ./hello_world
------------------------------------------------------------

Successfully completed.

Resource usage summary:

    CPU time :               0.12 sec.
    Total Requested Memory : 2048.00 MB
    Delta Memory :           -
    (Delta: the difference between Total Requested Memory and Max Memory.)

The output (if any) follows:

Hello world!
